This file contains any messages produced by compilers while
running configure, to aid debugging if configure makes a mistake.

It was created by Wrekavoc configure 0.5, which was
generated by GNU Autoconf 2.61.  Invocation command line was

  $ ./configure 

## --------- ##
## Platform. ##
## --------- ##

hostname = lids
uname -m = alpha
uname -r = 2.6.21.1
uname -s = Linux
uname -v = #1 Mon May 21 22:53:59 ADT 2007

/usr/bin/uname -p = unknown
/bin/uname -X     = unknown

/bin/arch              = alpha
/usr/bin/arch -k       = unknown
/usr/convex/getsysinfo = unknown
/usr/bin/hostinfo      = unknown
/bin/machine           = unknown
/usr/bin/oslevel       = unknown
/bin/universe          = unknown

PATH: /usr/local/sbin
PATH: /usr/local/bin
PATH: /usr/sbin
PATH: /usr/bin
PATH: /sbin
PATH: /bin
PATH: /usr/bin/X11


## ----------- ##
## Core tests. ##
## ----------- ##

configure:1750: checking for a BSD-compatible install
configure:1806: result: /usr/bin/install -c
configure:1817: checking whether build environment is sane
configure:1860: result: yes
configure:1884: WARNING: `missing' script is too old or missing
configure:1888: checking for a thread-safe mkdir -p
configure:1927: result: /bin/mkdir -p
configure:1940: checking for gawk
configure:1956: found /usr/bin/gawk
configure:1967: result: gawk
configure:1978: checking whether make sets $(MAKE)
configure:1999: result: yes
configure:2235: checking for gcc
configure:2251: found /usr/bin/gcc
configure:2262: result: gcc
configure:2500: checking for C compiler version
configure:2507: gcc --version >&5
gcc (GCC) 4.1.2 20061115 (prerelease) (Debian 4.1.1-21)
Copyright (C) 2006 Free Software Foundation, Inc.
This is free software; see the source for copying conditions.  There is NO
warranty; not even for MERCHANTABILITY or FITNESS FOR A PARTICULAR PURPOSE.

configure:2510: $? = 0
configure:2517: gcc -v >&5
Using built-in specs.
Target: alpha-linux-gnu
Configured with: ../src/configure -v --enable-languages=c,c++,fortran,objc,obj-c++,treelang --prefix=/usr --enable-shared --with-system-zlib --libexecdir=/usr/lib --without-included-gettext --enable-threads=posix --enable-nls --program-suffix=-4.1 --enable-__cxa_atexit --enable-clocale=gnu --enable-libstdcxx-debug --enable-mpfr --disable-libssp --enable-checking=release alpha-linux-gnu
Thread model: posix
gcc version 4.1.2 20061115 (prerelease) (Debian 4.1.1-21)
configure:2520: $? = 0
configure:2527: gcc -V >&5
gcc: '-V' option must have argument
configure:2530: $? = 1
configure:2553: checking for C compiler default output file name
configure:2580: gcc    conftest.c  >&5
configure:2583: $? = 0
configure:2621: result: a.out
configure:2638: checking whether the C compiler works
configure:2648: ./a.out
configure:2651: $? = 0
configure:2668: result: yes
configure:2675: checking whether we are cross compiling
configure:2677: result: no
configure:2680: checking for suffix of executables
configure:2687: gcc -o conftest    conftest.c  >&5
configure:2690: $? = 0
configure:2714: result: 
configure:2720: checking for suffix of object files
configure:2746: gcc -c   conftest.c >&5
configure:2749: $? = 0
configure:2772: result: o
configure:2776: checking whether we are using the GNU C compiler
configure:2805: gcc -c   conftest.c >&5
configure:2811: $? = 0
configure:2828: result: yes
configure:2833: checking whether gcc accepts -g
configure:2863: gcc -c -g  conftest.c >&5
configure:2869: $? = 0
configure:2968: result: yes
configure:2985: checking for gcc option to accept ISO C89
configure:3059: gcc  -c -g -O2  conftest.c >&5
configure:3065: $? = 0
configure:3088: result: none needed
configure:3117: checking for style of include used by make
configure:3145: result: GNU
configure:3170: checking dependency style of gcc
configure:3261: result: gcc3
configure:3331: checking for pkg-config
configure:3349: found /usr/bin/pkg-config
configure:3361: result: /usr/bin/pkg-config
configure:3390: checking pkg-config is at least version 0.9.0
configure:3393: result: yes
configure:3404: checking for LIBXML
configure:3412: $PKG_CONFIG --exists --print-errors "xml2"
Package xml2 was not found in the pkg-config search path.
Perhaps you should add the directory containing `xml2.pc'
to the PKG_CONFIG_PATH environment variable
No package 'xml2' found
configure:3415: $? = 1
configure:3430: $PKG_CONFIG --exists --print-errors "xml2"
Package xml2 was not found in the pkg-config search path.
Perhaps you should add the directory containing `xml2.pc'
to the PKG_CONFIG_PATH environment variable
No package 'xml2' found
configure:3433: $? = 1
No package 'xml2' found
configure:3461: result: no
configure:3476: checking for LIBXML
configure:3484: $PKG_CONFIG --exists --print-errors "libxml-2.0"
configure:3487: $? = 0
configure:3502: $PKG_CONFIG --exists --print-errors "libxml-2.0"
configure:3505: $? = 0
configure:3581: result: yes
configure:3591: checking for LIBGSL
configure:3599: $PKG_CONFIG --exists --print-errors "gsl"
configure:3602: $? = 0
configure:3617: $PKG_CONFIG --exists --print-errors "gsl"
configure:3620: $? = 0
configure:3696: result: yes
configure:3704: checking for hypot in -lm
configure:3739: gcc -o conftest -g -O2   conftest.c -lm   >&5
conftest.c:18: warning: conflicting types for built-in function 'hypot'
configure:3745: $? = 0
configure:3763: result: yes
configure:3775: checking for pthread_create in -lpthread
configure:3810: gcc -o conftest -g -O2   conftest.c -lpthread   >&5
configure:3816: $? = 0
configure:3834: result: yes
configure:3992: creating ./config.status

## ---------------------- ##
## Running config.status. ##
## ---------------------- ##

This file was extended by Wrekavoc config.status 0.5, which was
generated by GNU Autoconf 2.61.  Invocation command line was

  CONFIG_FILES    = 
  CONFIG_HEADERS  = 
  CONFIG_LINKS    = 
  CONFIG_COMMANDS = 
  $ ./config.status 

on lids

config.status:627: creating Makefile
config.status:627: creating src/Makefile
config.status:627: creating sample/Makefile
config.status:627: creating sample/src/Makefile
config.status:627: creating sample/mpi/Makefile
config.status:627: creating sample/mpi/src/Makefile
config.status:818: executing depfiles commands

## ---------------- ##
## Cache variables. ##
## ---------------- ##

ac_cv_c_compiler_gnu=yes
ac_cv_env_CC_set=
ac_cv_env_CC_value=
ac_cv_env_CFLAGS_set=
ac_cv_env_CFLAGS_value=
ac_cv_env_CPPFLAGS_set=
ac_cv_env_CPPFLAGS_value=
ac_cv_env_LDFLAGS_set=
ac_cv_env_LDFLAGS_value=
ac_cv_env_LIBGSL_CFLAGS_set=
ac_cv_env_LIBGSL_CFLAGS_value=
ac_cv_env_LIBGSL_LIBS_set=
ac_cv_env_LIBGSL_LIBS_value=
ac_cv_env_LIBS_set=
ac_cv_env_LIBS_value=
ac_cv_env_LIBXML_CFLAGS_set=
ac_cv_env_LIBXML_CFLAGS_value=
ac_cv_env_LIBXML_LIBS_set=
ac_cv_env_LIBXML_LIBS_value=
ac_cv_env_PKG_CONFIG_set=
ac_cv_env_PKG_CONFIG_value=
ac_cv_env_build_alias_set=
ac_cv_env_build_alias_value=
ac_cv_env_host_alias_set=
ac_cv_env_host_alias_value=
ac_cv_env_target_alias_set=
ac_cv_env_target_alias_value=
ac_cv_lib_m_hypot=yes
ac_cv_lib_pthread_pthread_create=yes
ac_cv_objext=o
ac_cv_path_ac_pt_PKG_CONFIG=/usr/bin/pkg-config
ac_cv_path_install='/usr/bin/install -c'
ac_cv_path_mkdir=/bin/mkdir
ac_cv_prog_AWK=gawk
ac_cv_prog_ac_ct_CC=gcc
ac_cv_prog_cc_c89=
ac_cv_prog_cc_g=yes
ac_cv_prog_make_make_set=yes
am_cv_CC_dependencies_compiler_type=gcc3
pkg_cv_LIBGSL_CFLAGS=' '
pkg_cv_LIBGSL_LIBS='-lgsl -lgslcblas -lm  '
pkg_cv_LIBXML_CFLAGS='-I/usr/include/libxml2  '
pkg_cv_LIBXML_LIBS='-lxml2  '

## ----------------- ##
## Output variables. ##
## ----------------- ##

ACLOCAL='aclocal-1.10'
AMDEPBACKSLASH='\'
AMDEP_FALSE='#'
AMDEP_TRUE=''
AMTAR='tar'
AUTOCONF='autoconf'
AUTOHEADER='autoheader'
AUTOMAKE='automake-1.10'
AWK='gawk'
CC='gcc'
CCDEPMODE='depmode=gcc3'
CFLAGS='-g -O2'
CPPFLAGS=''
CYGPATH_W='echo'
DEFS='-DPACKAGE_NAME=\"Wrekavoc\" -DPACKAGE_TARNAME=\"wrekavoc\" -DPACKAGE_VERSION=\"0.5\" -DPACKAGE_STRING=\"Wrekavoc\ 0.5\" -DPACKAGE_BUGREPORT=\"olivier.dubuisson@loria.fr\" -DPACKAGE=\"wrekavoc\" -DVERSION=\"0.5\" -Derreur=0'
DEPDIR='.deps'
ECHO_C=''
ECHO_N='-n'
ECHO_T=''
EXEEXT=''
INSTALL_DATA='${INSTALL} -m 644'
INSTALL_PROGRAM='${INSTALL}'
INSTALL_SCRIPT='${INSTALL}'
INSTALL_STRIP_PROGRAM='$(install_sh) -c -s'
LDFLAGS=''
LIBGSL_CFLAGS=' '
LIBGSL_LIBS='-lgsl -lgslcblas -lm  '
LIBOBJS=''
LIBS=''
LIBXML_CFLAGS='-I/usr/include/libxml2  '
LIBXML_LIBS='-lxml2  '
LTLIBOBJS=''
MAKEINFO='makeinfo'
MATH_LIBS='-lm'
OBJEXT='o'
PACKAGE='wrekavoc'
PACKAGE_BUGREPORT='olivier.dubuisson@loria.fr'
PACKAGE_NAME='Wrekavoc'
PACKAGE_STRING='Wrekavoc 0.5'
PACKAGE_TARNAME='wrekavoc'
PACKAGE_VERSION='0.5'
PATH_SEPARATOR=':'
PKG_CONFIG='/usr/bin/pkg-config'
PTHREADS_LIBS='-pthread'
SET_MAKE=''
SHELL='/bin/sh'
STRIP=''
VERSION='0.5'
ac_ct_CC='gcc'
am__fastdepCC_FALSE='#'
am__fastdepCC_TRUE=''
am__include='include'
am__isrc=''
am__leading_dot='.'
am__quote=''
am__tar='${AMTAR} chof - "$$tardir"'
am__untar='${AMTAR} xf -'
bindir='${exec_prefix}/bin'
build_alias=''
datadir='${datarootdir}'
datarootdir='${prefix}/share'
docdir='${datarootdir}/doc/${PACKAGE_TARNAME}'
dvidir='${docdir}'
exec_prefix='${prefix}'
host_alias=''
htmldir='${docdir}'
includedir='${prefix}/include'
infodir='${datarootdir}/info'
install_sh='$(SHELL) /home/basil/config/wrekavoc-0.5/install-sh'
libdir='${exec_prefix}/lib'
libexecdir='${exec_prefix}/libexec'
localedir='${datarootdir}/locale'
localstatedir='${prefix}/var'
mandir='${datarootdir}/man'
mkdir_p='/bin/mkdir -p'
oldincludedir='/usr/include'
pdfdir='${docdir}'
prefix='/usr/local'
program_transform_name='s,x,x,'
psdir='${docdir}'
sbindir='${exec_prefix}/sbin'
sharedstatedir='${prefix}/com'
sysconfdir='${prefix}/etc'
target_alias=''

## ----------- ##
## confdefs.h. ##
## ----------- ##

#define PACKAGE_NAME "Wrekavoc"
#define PACKAGE_TARNAME "wrekavoc"
#define PACKAGE_VERSION "0.5"
#define PACKAGE_STRING "Wrekavoc 0.5"
#define PACKAGE_BUGREPORT "olivier.dubuisson@loria.fr"
#define PACKAGE "wrekavoc"
#define VERSION "0.5"
#define erreur 0

configure: exit 0

## ---------------------- ##
## Running config.status. ##
## ---------------------- ##

This file was extended by Wrekavoc config.status 0.5, which was
generated by GNU Autoconf 2.61.  Invocation command line was

  CONFIG_FILES    = 
  CONFIG_HEADERS  = 
  CONFIG_LINKS    = 
  CONFIG_COMMANDS = 
  $ ./config.status src/Makefile depfiles

on lids

config.status:627: creating src/Makefile
config.status:818: executing depfiles commands
